<?xml version="1.0" encoding="UTF-8"?>
<testng-results ignored="0" total="1" passed="1" failed="0" skipped="0">
  <reporter-output>
    <line>
      <![CDATA[I am you]]>
    </line>
  </reporter-output>
  <suite started-at="2023-12-11T17:02:49 IST" name="Section1.BestTest" finished-at="2023-12-11T17:02:49 IST" duration-ms="78">
    <groups>
    </groups>
    <test started-at="2023-12-11T17:02:49 IST" name="Command line test" finished-at="2023-12-11T17:02:49 IST" duration-ms="78">
      <class name="Section1.BestTest">
        <test-method signature="manas()[pri:0, instance:Section1.BestTest@479d31f3]" started-at="2023-12-11T17:02:49 IST" name="manas" finished-at="2023-12-11T17:02:49 IST" duration-ms="8" status="PASS">
          <reporter-output>
            <line>
              <![CDATA[I am you]]>
            </line>
          </reporter-output>
        </test-method> <!-- manas -->
      </class> <!-- Section1.BestTest -->
    </test> <!-- Command line test -->
  </suite> <!-- Section1.BestTest -->
</testng-results>
